2017-12-30 02:56:41,366 INFO     LOADING WEIGHTS FOR THE NETWORK !! .........................
2017-12-30 02:56:41,548 INFO     ConvLayer: conv1, weight_shape = (7, 7, 3, 64), bias_shape = (64,)
2017-12-30 02:56:41,556 INFO     BatchNorm: bn1, Offset = (64,), bias = (64,), mean = (64,), variance = (64,)  
2017-12-30 02:56:41,710 INFO     ConvLayer: conv2, weight_shape = (1, 1, 64, 64), bias_shape = (64,)
2017-12-30 02:56:41,719 INFO     BatchNorm: bn2, Offset = (64,), bias = (64,), mean = (64,), variance = (64,)  
2017-12-30 02:56:44,382 INFO     ConvLayer: conv3, weight_shape = (3, 3, 64, 192), bias_shape = (192,)
2017-12-30 02:56:44,397 INFO     BatchNorm: bn3, Offset = (192,), bias = (192,), mean = (192,), variance = (192,)  
2017-12-30 02:56:44,809 INFO     ConvLayer: inception_3a_1x1_conv, weight_shape = (1, 1, 192, 64), bias_shape = (64,)
2017-12-30 02:56:44,817 INFO     BatchNorm: inception_3a_1x1_bn, Offset = (64,), bias = (64,), mean = (64,), variance = (64,)  
2017-12-30 02:56:44,877 INFO     ConvLayer: inception_3a_5x5_conv1, weight_shape = (1, 1, 192, 16), bias_shape = (16,)
2017-12-30 02:56:45,185 INFO     ConvLayer: inception_3a_5x5_conv2, weight_shape = (5, 5, 16, 32), bias_shape = (32,)
2017-12-30 02:56:45,188 INFO     BatchNorm: inception_3a_5x5_bn1, Offset = (16,), bias = (16,), mean = (16,), variance = (16,)  
2017-12-30 02:56:45,193 INFO     BatchNorm: inception_3a_5x5_bn2, Offset = (32,), bias = (32,), mean = (32,), variance = (32,)  
2017-12-30 02:56:45,694 INFO     ConvLayer: inception_3a_3x3_conv1, weight_shape = (1, 1, 192, 96), bias_shape = (96,)
2017-12-30 02:56:48,307 INFO     ConvLayer: inception_3a_3x3_conv2, weight_shape = (3, 3, 96, 128), bias_shape = (128,)
2017-12-30 02:56:48,317 INFO     BatchNorm: inception_3a_3x3_bn1, Offset = (96,), bias = (96,), mean = (96,), variance = (96,)  
2017-12-30 02:56:48,329 INFO     BatchNorm: inception_3a_3x3_bn2, Offset = (128,), bias = (128,), mean = (128,), variance = (128,)  
2017-12-30 02:56:48,611 INFO     ConvLayer: inception_3a_pool_conv, weight_shape = (1, 1, 192, 32), bias_shape = (32,)
2017-12-30 02:56:48,618 INFO     BatchNorm: inception_3a_pool_bn, Offset = (32,), bias = (32,), mean = (32,), variance = (32,)  
2017-12-30 02:56:49,004 INFO     ConvLayer: inception_3b_1x1_conv, weight_shape = (1, 1, 256, 64), bias_shape = (64,)
2017-12-30 02:56:49,013 INFO     BatchNorm: inception_3b_1x1_bn, Offset = (64,), bias = (64,), mean = (64,), variance = (64,)  
2017-12-30 02:56:49,666 INFO     ConvLayer: inception_3b_3x3_conv1, weight_shape = (1, 1, 256, 96), bias_shape = (96,)
2017-12-30 02:56:52,514 INFO     ConvLayer: inception_3b_3x3_conv2, weight_shape = (3, 3, 96, 128), bias_shape = (128,)
2017-12-30 02:56:52,522 INFO     BatchNorm: inception_3b_3x3_bn1, Offset = (96,), bias = (96,), mean = (96,), variance = (96,)  
2017-12-30 02:56:52,534 INFO     BatchNorm: inception_3b_3x3_bn2, Offset = (128,), bias = (128,), mean = (128,), variance = (128,)  
2017-12-30 02:56:52,684 INFO     ConvLayer: inception_3b_5x5_conv1, weight_shape = (1, 1, 256, 32), bias_shape = (32,)
2017-12-30 02:56:54,063 INFO     ConvLayer: inception_3b_5x5_conv2, weight_shape = (5, 5, 32, 64), bias_shape = (64,)
2017-12-30 02:56:54,068 INFO     BatchNorm: inception_3b_5x5_bn1, Offset = (32,), bias = (32,), mean = (32,), variance = (32,)  
2017-12-30 02:56:54,075 INFO     BatchNorm: inception_3b_5x5_bn2, Offset = (64,), bias = (64,), mean = (64,), variance = (64,)  
2017-12-30 02:56:54,492 INFO     ConvLayer: inception_3b_pool_conv, weight_shape = (1, 1, 256, 64), bias_shape = (64,)
2017-12-30 02:56:54,499 INFO     BatchNorm: inception_3b_pool_bn, Offset = (64,), bias = (64,), mean = (64,), variance = (64,)  
2017-12-30 02:56:55,561 INFO     ConvLayer: inception_3c_3x3_conv1, weight_shape = (1, 1, 320, 128), bias_shape = (128,)
2017-12-30 02:57:02,813 INFO     ConvLayer: inception_3c_3x3_conv2, weight_shape = (3, 3, 128, 256), bias_shape = (256,)
2017-12-30 02:57:02,828 INFO     BatchNorm: inception_3c_3x3_bn1, Offset = (128,), bias = (128,), mean = (128,), variance = (128,)  
2017-12-30 02:57:02,851 INFO     BatchNorm: inception_3c_3x3_bn2, Offset = (256,), bias = (256,), mean = (256,), variance = (256,)  
2017-12-30 02:57:03,029 INFO     ConvLayer: inception_3c_5x5_conv1, weight_shape = (1, 1, 320, 32), bias_shape = (32,)
2017-12-30 02:57:04,528 INFO     ConvLayer: inception_3c_5x5_conv2, weight_shape = (5, 5, 32, 64), bias_shape = (64,)
2017-12-30 02:57:04,534 INFO     BatchNorm: inception_3c_5x5_bn1, Offset = (32,), bias = (32,), mean = (32,), variance = (32,)  
2017-12-30 02:57:04,542 INFO     BatchNorm: inception_3c_5x5_bn2, Offset = (64,), bias = (64,), mean = (64,), variance = (64,)  
2017-12-30 02:57:08,708 INFO     ConvLayer: inception_4a_1x1_conv, weight_shape = (1, 1, 640, 256), bias_shape = (256,)
2017-12-30 02:57:08,734 INFO     BatchNorm: inception_4a_1x1_bn, Offset = (256,), bias = (256,), mean = (256,), variance = (256,)  
2017-12-30 02:57:10,295 INFO     ConvLayer: inception_4a_3x3_conv1, weight_shape = (1, 1, 640, 96), bias_shape = (96,)
2017-12-30 02:57:14,388 INFO     ConvLayer: inception_4a_3x3_conv2, weight_shape = (3, 3, 96, 192), bias_shape = (192,)
2017-12-30 02:57:14,402 INFO     BatchNorm: inception_4a_3x3_bn1, Offset = (96,), bias = (96,), mean = (96,), variance = (96,)  
2017-12-30 02:57:14,420 INFO     BatchNorm: inception_4a_3x3_bn2, Offset = (192,), bias = (192,), mean = (192,), variance = (192,)  
2017-12-30 02:57:14,771 INFO     ConvLayer: inception_4a_5x5_conv1, weight_shape = (1, 1, 640, 32), bias_shape = (32,)
2017-12-30 02:57:16,253 INFO     ConvLayer: inception_4a_5x5_conv2, weight_shape = (5, 5, 32, 64), bias_shape = (64,)
2017-12-30 02:57:16,260 INFO     BatchNorm: inception_4a_5x5_bn1, Offset = (32,), bias = (32,), mean = (32,), variance = (32,)  
2017-12-30 02:57:16,270 INFO     BatchNorm: inception_4a_5x5_bn2, Offset = (64,), bias = (64,), mean = (64,), variance = (64,)  
2017-12-30 02:57:18,429 INFO     ConvLayer: inception_4a_pool_conv, weight_shape = (1, 1, 640, 128), bias_shape = (128,)
2017-12-30 02:57:18,440 INFO     BatchNorm: inception_4a_pool_bn, Offset = (128,), bias = (128,), mean = (128,), variance = (128,)  
2017-12-30 02:57:20,855 INFO     ConvLayer: inception_4e_3x3_conv1, weight_shape = (1, 1, 640, 160), bias_shape = (160,)
2017-12-30 02:57:29,595 INFO     ConvLayer: inception_4e_3x3_conv2, weight_shape = (3, 3, 160, 256), bias_shape = (256,)
2017-12-30 02:57:29,612 INFO     BatchNorm: inception_4e_3x3_bn1, Offset = (160,), bias = (160,), mean = (160,), variance = (160,)  
2017-12-30 02:57:29,636 INFO     BatchNorm: inception_4e_3x3_bn2, Offset = (256,), bias = (256,), mean = (256,), variance = (256,)  
2017-12-30 02:57:30,437 INFO     ConvLayer: inception_4e_5x5_conv1, weight_shape = (1, 1, 640, 64), bias_shape = (64,)
2017-12-30 02:57:35,992 INFO     ConvLayer: inception_4e_5x5_conv2, weight_shape = (5, 5, 64, 128), bias_shape = (128,)
2017-12-30 02:57:36,002 INFO     BatchNorm: inception_4e_5x5_bn1, Offset = (64,), bias = (64,), mean = (64,), variance = (64,)  
2017-12-30 02:57:36,014 INFO     BatchNorm: inception_4e_5x5_bn2, Offset = (128,), bias = (128,), mean = (128,), variance = (128,)  
2017-12-30 02:57:42,587 INFO     ConvLayer: inception_5a_1x1_conv, weight_shape = (1, 1, 1024, 256), bias_shape = (256,)
2017-12-30 02:57:42,607 INFO     BatchNorm: inception_5a_1x1_bn, Offset = (256,), bias = (256,), mean = (256,), variance = (256,)  
2017-12-30 02:57:45,140 INFO     ConvLayer: inception_5a_3x3_conv1, weight_shape = (1, 1, 1024, 96), bias_shape = (96,)
2017-12-30 02:57:52,802 INFO     ConvLayer: inception_5a_3x3_conv2, weight_shape = (3, 3, 96, 384), bias_shape = (384,)
2017-12-30 02:57:52,812 INFO     BatchNorm: inception_5a_3x3_bn1, Offset = (96,), bias = (96,), mean = (96,), variance = (96,)  
2017-12-30 02:57:52,843 INFO     BatchNorm: inception_5a_3x3_bn2, Offset = (384,), bias = (384,), mean = (384,), variance = (384,)  
2017-12-30 02:57:55,845 INFO     ConvLayer: inception_5a_pool_conv, weight_shape = (1, 1, 1024, 96), bias_shape = (96,)
2017-12-30 02:57:55,854 INFO     BatchNorm: inception_5a_pool_bn, Offset = (96,), bias = (96,), mean = (96,), variance = (96,)  
2017-12-30 02:58:00,804 INFO     ConvLayer: inception_5b_1x1_conv, weight_shape = (1, 1, 736, 256), bias_shape = (256,)
2017-12-30 02:58:00,824 INFO     BatchNorm: inception_5b_1x1_bn, Offset = (256,), bias = (256,), mean = (256,), variance = (256,)  
2017-12-30 02:58:02,498 INFO     ConvLayer: inception_5b_3x3_conv1, weight_shape = (1, 1, 736, 96), bias_shape = (96,)
2017-12-30 02:58:10,312 INFO     ConvLayer: inception_5b_3x3_conv2, weight_shape = (3, 3, 96, 384), bias_shape = (384,)
2017-12-30 02:58:10,321 INFO     BatchNorm: inception_5b_3x3_bn1, Offset = (96,), bias = (96,), mean = (96,), variance = (96,)  
2017-12-30 02:58:10,349 INFO     BatchNorm: inception_5b_3x3_bn2, Offset = (384,), bias = (384,), mean = (384,), variance = (384,)  
2017-12-30 02:58:12,218 INFO     ConvLayer: inception_5b_pool_conv, weight_shape = (1, 1, 736, 96), bias_shape = (96,)
2017-12-30 02:58:12,227 INFO     BatchNorm: inception_5b_pool_bn, Offset = (96,), bias = (96,), mean = (96,), variance = (96,)  
2017-12-30 02:58:14,885 INFO     

2017-12-30 02:59:13,690 INFO     INITIALIZING THE NETWORK !! ...............................
2017-12-30 02:59:13,709 INFO     SHAPE: inpTensor (?, 96, 96, 3)
2017-12-30 02:59:13,738 INFO     conv1 (?, 48, 48, 64)
2017-12-30 02:59:13,741 INFO     conv1 Zero-Padding + MAXPOOL (?, 50, 50, 64)
2017-12-30 02:59:13,745 INFO     conv1 Zero-Padding + MAXPOOL (?, 24, 24, 64)
2017-12-30 02:59:13,765 INFO     conv2 (?, 24, 24, 64) 
2017-12-30 02:59:13,768 INFO     conv2 Zero-Padding + MAXPOOL (?, 26, 26, 64)
2017-12-30 02:59:13,791 INFO     conv3 (?, 24, 24, 192)
2017-12-30 02:59:13,794 INFO     conv3 Zero-Padding + MAXPOOL (?, 26, 26, 192)
2017-12-30 02:59:13,797 INFO     conv3 Zero-Padding + MAXPOOL (?, 12, 12, 192)
2017-12-30 02:59:13,797 INFO     Inside Inception module 3a: (?, 12, 12, 192)
2017-12-30 02:59:13,842 INFO     inception_3x3 Chain 2: shape = (?, 12, 12, 128)
2017-12-30 02:59:13,884 INFO     inception_5x5 Chain 3: shape = (?, 12, 12, 32)
2017-12-30 02:59:13,912 INFO     inception_pool Chain 4: shape = (?, 12, 12, 32)
2017-12-30 02:59:13,934 INFO     inception_1x1: Chain 1: shape = (?, 12, 12, 64)
2017-12-30 02:59:13,940 INFO     inception3a: (?, 12, 12, 256)
2017-12-30 02:59:13,940 INFO     Inside Inception module 3b: (?, 12, 12, 256)
2017-12-30 02:59:13,993 INFO     inception_3x3 Chain 2: shape = (?, 12, 12, 128)
2017-12-30 02:59:14,041 INFO     inception_5x5 Chain 3: shape = (?, 12, 12, 64)
2017-12-30 02:59:14,068 INFO     inception_pool Chain 4: shape = (?, 12, 12, 64)
2017-12-30 02:59:14,092 INFO     inception_1x1: Chain 1: shape = (?, 12, 12, 64)
2017-12-30 02:59:14,097 INFO     inception3b: (?, 12, 12, 320)
2017-12-30 02:59:14,098 INFO     Inside Inception module 3c: (?, 12, 12, 320)
2017-12-30 02:59:14,155 INFO     inception_3x3 Chain 2: shape = (?, 6, 6, 256)
2017-12-30 02:59:14,200 INFO     inception_5x5 Chain 3: shape = (?, 6, 6, 64)
2017-12-30 02:59:14,206 INFO     pool_pad Chain 4: shape = (?, 6, 6, 320)
2017-12-30 02:59:14,210 INFO     inception3c: (?, 6, 6, 640)
2017-12-30 02:59:14,210 INFO     Inside Inception module 4a: (?, 6, 6, 640)
2017-12-30 02:59:14,257 INFO     inception_3x3 Chain 2: shape = (?, 6, 6, 192)
2017-12-30 02:59:14,302 INFO     inception_5x5 Chain 3: shape = (?, 6, 6, 64)
2017-12-30 02:59:14,333 INFO     inception_pool Chain 4: shape = (?, 6, 6, 128)
2017-12-30 02:59:14,357 INFO     inception_1x1: Chain 1: shape = (?, 6, 6, 256)
2017-12-30 02:59:14,362 INFO     inception4a: (?, 6, 6, 640)
2017-12-30 02:59:14,362 INFO     Inside Inception module 4e: (?, 6, 6, 640)
2017-12-30 02:59:14,421 INFO     inception_3x3 Chain 2: shape = (?, 3, 3, 256)
2017-12-30 02:59:14,469 INFO     inception_5x5 Chain 3: shape = (?, 3, 3, 128)
2017-12-30 02:59:14,475 INFO     pool_pad Chain 4: shape = (?, 3, 3, 640)
2017-12-30 02:59:14,483 INFO     inception4e: (?, 3, 3, 1024)
2017-12-30 02:59:14,483 INFO     Initializing the last layer weights with random values and the parameter is trainable
2017-12-30 02:59:14,483 INFO     Inside Inception module 5a FT: (?, 3, 3, 1024)
2017-12-30 02:59:14,603 INFO     inception_3x3 Chain 2: shape = (?, 3, 3, 384) 
2017-12-30 02:59:14,661 INFO     inception_pool Chain 4: shape = (?, 3, 3, 96) 
2017-12-30 02:59:14,716 INFO     inception_1x1_FT: Chain 1: shape = (?, 3, 3, 256)
2017-12-30 02:59:14,720 INFO     inception5a: (?, 3, 3, 736)
2017-12-30 02:59:14,720 INFO     Inside Inception module 5a FT: (?, 3, 3, 736)
2017-12-30 02:59:14,825 INFO     inception_3x3 Chain 2: shape = (?, 3, 3, 384) 
2017-12-30 02:59:14,882 INFO     inception_pool Chain 4: shape = (?, 3, 3, 96) 
2017-12-30 02:59:14,933 INFO     inception_1x1_FT: Chain 1: shape = (?, 3, 3, 256)
2017-12-30 02:59:14,937 INFO     inception5a(?, 3, 3, 736)
2017-12-30 02:59:14,939 INFO     X after FC pool: (?, 1, 1, 736)
2017-12-30 02:59:16,078 INFO     X after X Flattened: (?, 736)
2017-12-30 02:59:16,080 INFO     X after FC Matmul: (?, 128)
2017-12-30 02:59:21,909 INFO     Restoring parameters from /Users/sam/All-Program/App-DataSet/DeepFaceRecognition/data_models/saver_checkpoints/model.ckpt
2017-12-30 02:59:39,889 INFO     INITIALIZING THE NETWORK !! ...............................
2017-12-30 02:59:39,892 INFO     SHAPE: inpTensor (?, 96, 96, 3)
2017-12-30 02:59:39,918 INFO     conv1 (?, 48, 48, 64)
2017-12-30 02:59:39,921 INFO     conv1 Zero-Padding + MAXPOOL (?, 50, 50, 64)
2017-12-30 02:59:39,923 INFO     conv1 Zero-Padding + MAXPOOL (?, 24, 24, 64)
2017-12-30 02:59:39,943 INFO     conv2 (?, 24, 24, 64) 
2017-12-30 02:59:39,946 INFO     conv2 Zero-Padding + MAXPOOL (?, 26, 26, 64)
2017-12-30 02:59:39,969 INFO     conv3 (?, 24, 24, 192)
2017-12-30 02:59:39,972 INFO     conv3 Zero-Padding + MAXPOOL (?, 26, 26, 192)
2017-12-30 02:59:39,974 INFO     conv3 Zero-Padding + MAXPOOL (?, 12, 12, 192)
2017-12-30 02:59:39,975 INFO     Inside Inception module 3a: (?, 12, 12, 192)
2017-12-30 02:59:40,019 INFO     inception_3x3 Chain 2: shape = (?, 12, 12, 128)
2017-12-30 02:59:40,062 INFO     inception_5x5 Chain 3: shape = (?, 12, 12, 32)
2017-12-30 02:59:40,090 INFO     inception_pool Chain 4: shape = (?, 12, 12, 32)
2017-12-30 02:59:40,112 INFO     inception_1x1: Chain 1: shape = (?, 12, 12, 64)
2017-12-30 02:59:40,117 INFO     inception3a: (?, 12, 12, 256)
2017-12-30 02:59:40,117 INFO     Inside Inception module 3b: (?, 12, 12, 256)
2017-12-30 02:59:40,168 INFO     inception_3x3 Chain 2: shape = (?, 12, 12, 128)
2017-12-30 02:59:40,219 INFO     inception_5x5 Chain 3: shape = (?, 12, 12, 64)
2017-12-30 02:59:40,246 INFO     inception_pool Chain 4: shape = (?, 12, 12, 64)
2017-12-30 02:59:40,272 INFO     inception_1x1: Chain 1: shape = (?, 12, 12, 64)
2017-12-30 02:59:40,278 INFO     inception3b: (?, 12, 12, 320)
2017-12-30 02:59:40,278 INFO     Inside Inception module 3c: (?, 12, 12, 320)
2017-12-30 02:59:40,330 INFO     inception_3x3 Chain 2: shape = (?, 6, 6, 256)
2017-12-30 02:59:40,376 INFO     inception_5x5 Chain 3: shape = (?, 6, 6, 64)
2017-12-30 02:59:40,381 INFO     pool_pad Chain 4: shape = (?, 6, 6, 320)
2017-12-30 02:59:40,385 INFO     inception3c: (?, 6, 6, 640)
2017-12-30 02:59:40,385 INFO     Inside Inception module 4a: (?, 6, 6, 640)
2017-12-30 02:59:40,438 INFO     inception_3x3 Chain 2: shape = (?, 6, 6, 192)
2017-12-30 02:59:40,491 INFO     inception_5x5 Chain 3: shape = (?, 6, 6, 64)
2017-12-30 02:59:40,518 INFO     inception_pool Chain 4: shape = (?, 6, 6, 128)
2017-12-30 02:59:40,543 INFO     inception_1x1: Chain 1: shape = (?, 6, 6, 256)
2017-12-30 02:59:40,547 INFO     inception4a: (?, 6, 6, 640)
2017-12-30 02:59:40,548 INFO     Inside Inception module 4e: (?, 6, 6, 640)
2017-12-30 02:59:40,611 INFO     inception_3x3 Chain 2: shape = (?, 3, 3, 256)
2017-12-30 02:59:40,665 INFO     inception_5x5 Chain 3: shape = (?, 3, 3, 128)
2017-12-30 02:59:40,674 INFO     pool_pad Chain 4: shape = (?, 3, 3, 640)
2017-12-30 02:59:40,680 INFO     inception4e: (?, 3, 3, 1024)
2017-12-30 02:59:40,680 INFO     Initializing the last layer weights with random values and the parameter is trainable
2017-12-30 02:59:40,680 INFO     Inside Inception module 5a FT: (?, 3, 3, 1024)
2017-12-30 02:59:40,794 INFO     inception_3x3 Chain 2: shape = (?, 3, 3, 384) 
2017-12-30 02:59:40,853 INFO     inception_pool Chain 4: shape = (?, 3, 3, 96) 
2017-12-30 02:59:40,905 INFO     inception_1x1_FT: Chain 1: shape = (?, 3, 3, 256)
2017-12-30 02:59:40,909 INFO     inception5a: (?, 3, 3, 736)
2017-12-30 02:59:40,910 INFO     Inside Inception module 5a FT: (?, 3, 3, 736)
2017-12-30 02:59:41,024 INFO     inception_3x3 Chain 2: shape = (?, 3, 3, 384) 
2017-12-30 02:59:41,098 INFO     inception_pool Chain 4: shape = (?, 3, 3, 96) 
2017-12-30 02:59:41,163 INFO     inception_1x1_FT: Chain 1: shape = (?, 3, 3, 256)
2017-12-30 02:59:41,167 INFO     inception5a(?, 3, 3, 736)
2017-12-30 02:59:41,170 INFO     X after FC pool: (?, 1, 1, 736)
2017-12-30 02:59:41,209 INFO     X after X Flattened: (?, 736)
2017-12-30 02:59:41,211 INFO     X after FC Matmul: (?, 128)
2017-12-30 02:59:52,618 INFO     Restoring parameters from /Users/sam/All-Program/App-DataSet/DeepFaceRecognition/data_models/saver_checkpoints/model.ckpt
2017-12-30 02:59:52,705 INFO     SHAPE: inpTensor (?, 96, 96, 3)
2017-12-30 02:59:52,729 INFO     conv1 (?, 48, 48, 64)
2017-12-30 02:59:52,732 INFO     conv1 Zero-Padding + MAXPOOL (?, 50, 50, 64)
2017-12-30 02:59:52,735 INFO     conv1 Zero-Padding + MAXPOOL (?, 24, 24, 64)
2017-12-30 02:59:52,756 INFO     conv2 (?, 24, 24, 64) 
2017-12-30 02:59:52,759 INFO     conv2 Zero-Padding + MAXPOOL (?, 26, 26, 64)
2017-12-30 02:59:52,782 INFO     conv3 (?, 24, 24, 192)
2017-12-30 02:59:52,787 INFO     conv3 Zero-Padding + MAXPOOL (?, 26, 26, 192)
2017-12-30 02:59:52,791 INFO     conv3 Zero-Padding + MAXPOOL (?, 12, 12, 192)
2017-12-30 02:59:52,791 INFO     Inside Inception module 3a: (?, 12, 12, 192)
2017-12-30 02:59:52,840 INFO     inception_3x3 Chain 2: shape = (?, 12, 12, 128)
2017-12-30 02:59:52,883 INFO     inception_5x5 Chain 3: shape = (?, 12, 12, 32)
2017-12-30 02:59:52,909 INFO     inception_pool Chain 4: shape = (?, 12, 12, 32)
2017-12-30 02:59:52,931 INFO     inception_1x1: Chain 1: shape = (?, 12, 12, 64)
2017-12-30 02:59:52,937 INFO     inception3a: (?, 12, 12, 256)
2017-12-30 02:59:52,937 INFO     Inside Inception module 3b: (?, 12, 12, 256)
2017-12-30 02:59:52,987 INFO     inception_3x3 Chain 2: shape = (?, 12, 12, 128)
2017-12-30 02:59:53,033 INFO     inception_5x5 Chain 3: shape = (?, 12, 12, 64)
2017-12-30 02:59:53,060 INFO     inception_pool Chain 4: shape = (?, 12, 12, 64)
2017-12-30 02:59:53,081 INFO     inception_1x1: Chain 1: shape = (?, 12, 12, 64)
2017-12-30 02:59:53,086 INFO     inception3b: (?, 12, 12, 320)
2017-12-30 02:59:53,086 INFO     Inside Inception module 3c: (?, 12, 12, 320)
2017-12-30 02:59:53,136 INFO     inception_3x3 Chain 2: shape = (?, 6, 6, 256)
2017-12-30 02:59:53,196 INFO     inception_5x5 Chain 3: shape = (?, 6, 6, 64)
2017-12-30 02:59:53,206 INFO     pool_pad Chain 4: shape = (?, 6, 6, 320)
2017-12-30 02:59:53,211 INFO     inception3c: (?, 6, 6, 640)
2017-12-30 02:59:53,211 INFO     Inside Inception module 4a: (?, 6, 6, 640)
2017-12-30 02:59:53,275 INFO     inception_3x3 Chain 2: shape = (?, 6, 6, 192)
2017-12-30 02:59:53,341 INFO     inception_5x5 Chain 3: shape = (?, 6, 6, 64)
2017-12-30 02:59:53,376 INFO     inception_pool Chain 4: shape = (?, 6, 6, 128)
2017-12-30 02:59:53,407 INFO     inception_1x1: Chain 1: shape = (?, 6, 6, 256)
2017-12-30 02:59:53,412 INFO     inception4a: (?, 6, 6, 640)
2017-12-30 02:59:53,412 INFO     Inside Inception module 4e: (?, 6, 6, 640)
2017-12-30 02:59:53,479 INFO     inception_3x3 Chain 2: shape = (?, 3, 3, 256)
2017-12-30 02:59:53,531 INFO     inception_5x5 Chain 3: shape = (?, 3, 3, 128)
2017-12-30 02:59:53,537 INFO     pool_pad Chain 4: shape = (?, 3, 3, 640)
2017-12-30 02:59:53,541 INFO     inception4e: (?, 3, 3, 1024)
2017-12-30 02:59:54,081 INFO     Updating param with scope inception_5a_3x3_conv1 and name w and shape (1, 1, 1024, 96) with shape (1, 1, 1024, 96)
2017-12-30 02:59:54,124 INFO     Updating param with scope inception_5a_3x3_conv1 and name b and shape (96,) with shape (96,)
2017-12-30 02:59:54,167 INFO     Updating param with scope inception_5a_3x3_bn1 and name b and shape (96,) with shape (96,)
2017-12-30 02:59:54,211 INFO     Updating param with scope inception_5a_3x3_bn1 and name w and shape (96,) with shape (96,)
2017-12-30 02:59:54,257 INFO     Updating param with scope inception_5a_3x3_conv2 and name w and shape (3, 3, 96, 384) with shape (3, 3, 96, 384)
2017-12-30 02:59:54,302 INFO     Updating param with scope inception_5a_3x3_conv2 and name b and shape (384,) with shape (384,)
2017-12-30 02:59:54,347 INFO     Updating param with scope inception_5a_3x3_bn2 and name b and shape (384,) with shape (384,)
2017-12-30 02:59:54,391 INFO     Updating param with scope inception_5a_3x3_bn2 and name w and shape (384,) with shape (384,)
2017-12-30 02:59:54,437 INFO     Updating param with scope inception_5a_pool_conv and name w and shape (1, 1, 1024, 96) with shape (1, 1, 1024, 96)
2017-12-30 02:59:54,483 INFO     Updating param with scope inception_5a_pool_conv and name b and shape (96,) with shape (96,)
2017-12-30 02:59:54,526 INFO     Updating param with scope inception_5a_pool_bn and name b and shape (96,) with shape (96,)
2017-12-30 02:59:54,568 INFO     Updating param with scope inception_5a_pool_bn and name w and shape (96,) with shape (96,)
2017-12-30 02:59:54,608 INFO     Updating param with scope inception_5a_1x1_conv and name w and shape (1, 1, 1024, 256) with shape (1, 1, 1024, 256)
2017-12-30 02:59:54,651 INFO     Updating param with scope inception_5a_1x1_conv and name b and shape (256,) with shape (256,)
2017-12-30 02:59:54,692 INFO     Updating param with scope inception_5a_1x1_bn and name b and shape (256,) with shape (256,)
2017-12-30 02:59:54,733 INFO     Updating param with scope inception_5a_1x1_bn and name w and shape (256,) with shape (256,)
2017-12-30 02:59:54,777 INFO     Updating param with scope inception_5b_3x3_conv1 and name w and shape (1, 1, 736, 96) with shape (1, 1, 736, 96)
2017-12-30 02:59:54,818 INFO     Updating param with scope inception_5b_3x3_conv1 and name b and shape (96,) with shape (96,)
2017-12-30 02:59:54,858 INFO     Updating param with scope inception_5b_3x3_bn1 and name b and shape (96,) with shape (96,)
2017-12-30 02:59:54,897 INFO     Updating param with scope inception_5b_3x3_bn1 and name w and shape (96,) with shape (96,)
2017-12-30 02:59:54,940 INFO     Updating param with scope inception_5b_3x3_conv2 and name w and shape (3, 3, 96, 384) with shape (3, 3, 96, 384)
2017-12-30 02:59:54,986 INFO     Updating param with scope inception_5b_3x3_conv2 and name b and shape (384,) with shape (384,)
2017-12-30 02:59:55,028 INFO     Updating param with scope inception_5b_3x3_bn2 and name b and shape (384,) with shape (384,)
2017-12-30 02:59:55,067 INFO     Updating param with scope inception_5b_3x3_bn2 and name w and shape (384,) with shape (384,)
2017-12-30 02:59:55,110 INFO     Updating param with scope inception_5b_pool_conv and name w and shape (1, 1, 736, 96) with shape (1, 1, 736, 96)
2017-12-30 02:59:55,152 INFO     Updating param with scope inception_5b_pool_conv and name b and shape (96,) with shape (96,)
2017-12-30 02:59:55,193 INFO     Updating param with scope inception_5b_pool_bn and name b and shape (96,) with shape (96,)
2017-12-30 02:59:55,235 INFO     Updating param with scope inception_5b_pool_bn and name w and shape (96,) with shape (96,)
2017-12-30 02:59:55,279 INFO     Updating param with scope inception_5b_1x1_conv and name w and shape (1, 1, 736, 256) with shape (1, 1, 736, 256)
2017-12-30 02:59:55,361 INFO     Updating param with scope inception_5b_1x1_conv and name b and shape (256,) with shape (256,)
2017-12-30 02:59:55,406 INFO     Updating param with scope inception_5b_1x1_bn and name b and shape (256,) with shape (256,)
2017-12-30 02:59:55,462 INFO     Updating param with scope inception_5b_1x1_bn and name w and shape (256,) with shape (256,)
2017-12-30 02:59:55,505 INFO     Updating param with scope dense and name w and shape (736, 128) with shape (736, 128)
2017-12-30 02:59:55,547 INFO     Updating param with scope dense and name b and shape (128,) with shape (128,)
2017-12-30 02:59:55,547 INFO     Inside Inception module 5a: (?, 3, 3, 1024)
2017-12-30 02:59:55,596 INFO     inception_3x3 Chain 2: shape = (?, 3, 3, 384)
2017-12-30 02:59:55,623 INFO     inception_pool Chain 4: shape = (?, 3, 3, 96)
2017-12-30 02:59:55,646 INFO     inception_1x1: Chain 1: shape = (?, 3, 3, 256)
2017-12-30 02:59:55,650 INFO     inception5a: (?, 3, 3, 736)
2017-12-30 02:59:55,650 INFO     Inside Inception module 5b: (?, 3, 3, 736)
2017-12-30 02:59:55,697 INFO     inception_3x3 Chain 2: shape = (?, 3, 3, 384)
2017-12-30 02:59:55,724 INFO     inception_pool Chain 4: shape = (?, 3, 3, 96)
2017-12-30 02:59:55,746 INFO     inception_1x1: Chain 1: shape = (?, 3, 3, 256)
2017-12-30 02:59:55,750 INFO     inception5b: (?, 3, 3, 736)
2017-12-30 02:59:55,754 INFO     X after FC pool: (?, 1, 1, 736)
2017-12-30 02:59:55,767 INFO     X after X Flattened: (?, 736)
2017-12-30 02:59:55,770 INFO     X after FC Matmul: (?, 128)
